[1.750s] DEBUG:colcon:Command line arguments: ['/usr/bin/colcon', 'build', '--packages-select', 'yolov5_roscd']
[1.751s] DEBUG:colcon:Parsed command line arguments: Namespace(allow_overriding=[], ament_cmake_args=None, base_paths=['.'], build_base='build', catkin_cmake_args=None, catkin_skip_building_tests=False, cmake_args=None, cmake_clean_cache=False, cmake_clean_first=False, cmake_force_configure=False, cmake_target=None, cmake_target_skip_unavailable=False, continue_on_error=False, event_handlers=None, executor='parallel', ignore_user_meta=False, install_base='install', log_base=None, log_level=None, main=<bound method BuildVerb.main of <colcon_core.verb.build.BuildVerb object at 0x7f96f2f908>>, merge_install=False, metas=['./colcon.meta'], packages_above=None, packages_above_and_dependencies=None, packages_above_depth=None, packages_end=None, packages_ignore=None, packages_ignore_regex=None, packages_select=['yolov5_roscd'], packages_select_build_failed=False, packages_select_by_dep=None, packages_select_regex=None, packages_select_test_failures=False, packages_skip=None, packages_skip_build_finished=False, packages_skip_by_dep=None, packages_skip_regex=None, packages_skip_test_passed=False, packages_skip_up_to=None, packages_start=None, packages_up_to=None, packages_up_to_regex=None, parallel_workers=4, paths=None, symlink_install=False, test_result_base=None, verb_extension=<colcon_core.verb.build.BuildVerb object at 0x7f96f2f908>, verb_name='build', verb_parser=<colcon_defaults.argument_parser.defaults.DefaultArgumentsDecorator object at 0x7f96f2fc50>)
[1.935s] Level 1:colcon.colcon_core.package_discovery:discover_packages(colcon_meta) check parameters
[1.936s] Level 1:colcon.colcon_core.package_discovery:discover_packages(recursive) check parameters
[1.936s] Level 1:colcon.colcon_core.package_discovery:discover_packages(ignore) check parameters
[1.937s] Level 1:colcon.colcon_core.package_discovery:discover_packages(path) check parameters
[1.937s] Level 1:colcon.colcon_core.package_discovery:discover_packages(colcon_meta) discover
[1.939s] Level 1:colcon.colcon_core.package_discovery:discover_packages(recursive) discover
[1.939s] INFO:colcon.colcon_core.package_discovery:Crawling recursively for packages in '/home/ubuntu/driver_ws/src/yolov5_ros/yolov5_ros'
[1.940s] Level 1:colcon.colcon_core.package_identification:_identify(.) by extensions ['ignore', 'ignore_ament_install']
[1.941s] Level 1:colcon.colcon_core.package_identification:_identify(.) by extension 'ignore'
[1.941s] Level 1:colcon.colcon_core.package_identification:_identify(.) by extension 'ignore_ament_install'
[1.942s] Level 1:colcon.colcon_core.package_identification:_identify(.) by extensions ['colcon_pkg']
[1.943s] Level 1:colcon.colcon_core.package_identification:_identify(.) by extension 'colcon_pkg'
[1.943s] Level 1:colcon.colcon_core.package_identification:_identify(.) by extensions ['colcon_meta']
[1.944s] Level 1:colcon.colcon_core.package_identification:_identify(.) by extension 'colcon_meta'
[1.944s] Level 1:colcon.colcon_core.package_identification:_identify(.) by extensions ['ros']
[1.945s] Level 1:colcon.colcon_core.package_identification:_identify(.) by extension 'ros'
[2.005s] Level 1:colcon.colcon_core.package_identification:_identify(.) by extensions ['cmake', 'python']
[2.006s] Level 1:colcon.colcon_core.package_identification:_identify(.) by extension 'cmake'
[2.006s] Level 1:colcon.colcon_core.package_identification:_identify(.) by extension 'python'
[2.007s] Level 1:colcon.colcon_core.package_identification:_identify(.) by extensions ['python_setup_py']
[2.007s] Level 1:colcon.colcon_core.package_identification:_identify(.) by extension 'python_setup_py'
[2.008s] Level 1:colcon.colcon_core.package_identification:_identify(build) by extensions ['ignore', 'ignore_ament_install']
[2.009s] Level 1:colcon.colcon_core.package_identification:_identify(build) by extension 'ignore'
[2.009s] Level 1:colcon.colcon_core.package_identification:_identify(build) ignored
[2.011s] Level 1:colcon.colcon_core.package_identification:_identify(config) by extensions ['ignore', 'ignore_ament_install']
[2.012s] Level 1:colcon.colcon_core.package_identification:_identify(config) by extension 'ignore'
[2.012s] Level 1:colcon.colcon_core.package_identification:_identify(config) by extension 'ignore_ament_install'
[2.013s] Level 1:colcon.colcon_core.package_identification:_identify(config) by extensions ['colcon_pkg']
[2.013s] Level 1:colcon.colcon_core.package_identification:_identify(config) by extension 'colcon_pkg'
[2.013s] Level 1:colcon.colcon_core.package_identification:_identify(config) by extensions ['colcon_meta']
[2.014s] Level 1:colcon.colcon_core.package_identification:_identify(config) by extension 'colcon_meta'
[2.014s] Level 1:colcon.colcon_core.package_identification:_identify(config) by extensions ['ros']
[2.014s] Level 1:colcon.colcon_core.package_identification:_identify(config) by extension 'ros'
[2.015s] Level 1:colcon.colcon_core.package_identification:_identify(config) by extensions ['cmake', 'python']
[2.015s] Level 1:colcon.colcon_core.package_identification:_identify(config) by extension 'cmake'
[2.016s] Level 1:colcon.colcon_core.package_identification:_identify(config) by extension 'python'
[2.016s] Level 1:colcon.colcon_core.package_identification:_identify(config) by extensions ['python_setup_py']
[2.016s] Level 1:colcon.colcon_core.package_identification:_identify(config) by extension 'python_setup_py'
[2.017s] Level 1:colcon.colcon_core.package_identification:_identify(data) by extensions ['ignore', 'ignore_ament_install']
[2.018s] Level 1:colcon.colcon_core.package_identification:_identify(data) by extension 'ignore'
[2.018s] Level 1:colcon.colcon_core.package_identification:_identify(data) by extension 'ignore_ament_install'
[2.019s] Level 1:colcon.colcon_core.package_identification:_identify(data) by extensions ['colcon_pkg']
[2.019s] Level 1:colcon.colcon_core.package_identification:_identify(data) by extension 'colcon_pkg'
[2.019s] Level 1:colcon.colcon_core.package_identification:_identify(data) by extensions ['colcon_meta']
[2.020s] Level 1:colcon.colcon_core.package_identification:_identify(data) by extension 'colcon_meta'
[2.020s] Level 1:colcon.colcon_core.package_identification:_identify(data) by extensions ['ros']
[2.020s] Level 1:colcon.colcon_core.package_identification:_identify(data) by extension 'ros'
[2.021s] Level 1:colcon.colcon_core.package_identification:_identify(data) by extensions ['cmake', 'python']
[2.021s] Level 1:colcon.colcon_core.package_identification:_identify(data) by extension 'cmake'
[2.022s] Level 1:colcon.colcon_core.package_identification:_identify(data) by extension 'python'
[2.022s] Level 1:colcon.colcon_core.package_identification:_identify(data) by extensions ['python_setup_py']
[2.022s] Level 1:colcon.colcon_core.package_identification:_identify(data) by extension 'python_setup_py'
[2.023s] Level 1:colcon.colcon_core.package_identification:_identify(data/hyps) by extensions ['ignore', 'ignore_ament_install']
[2.024s] Level 1:colcon.colcon_core.package_identification:_identify(data/hyps) by extension 'ignore'
[2.024s] Level 1:colcon.colcon_core.package_identification:_identify(data/hyps) by extension 'ignore_ament_install'
[2.025s] Level 1:colcon.colcon_core.package_identification:_identify(data/hyps) by extensions ['colcon_pkg']
[2.025s] Level 1:colcon.colcon_core.package_identification:_identify(data/hyps) by extension 'colcon_pkg'
[2.025s] Level 1:colcon.colcon_core.package_identification:_identify(data/hyps) by extensions ['colcon_meta']
[2.026s] Level 1:colcon.colcon_core.package_identification:_identify(data/hyps) by extension 'colcon_meta'
[2.026s] Level 1:colcon.colcon_core.package_identification:_identify(data/hyps) by extensions ['ros']
[2.026s] Level 1:colcon.colcon_core.package_identification:_identify(data/hyps) by extension 'ros'
[2.027s] Level 1:colcon.colcon_core.package_identification:_identify(data/hyps) by extensions ['cmake', 'python']
[2.027s] Level 1:colcon.colcon_core.package_identification:_identify(data/hyps) by extension 'cmake'
[2.028s] Level 1:colcon.colcon_core.package_identification:_identify(data/hyps) by extension 'python'
[2.028s] Level 1:colcon.colcon_core.package_identification:_identify(data/hyps) by extensions ['python_setup_py']
[2.029s] Level 1:colcon.colcon_core.package_identification:_identify(data/hyps) by extension 'python_setup_py'
[2.029s] Level 1:colcon.colcon_core.package_identification:_identify(data/images) by extensions ['ignore', 'ignore_ament_install']
[2.030s] Level 1:colcon.colcon_core.package_identification:_identify(data/images) by extension 'ignore'
[2.031s] Level 1:colcon.colcon_core.package_identification:_identify(data/images) by extension 'ignore_ament_install'
[2.032s] Level 1:colcon.colcon_core.package_identification:_identify(data/images) by extensions ['colcon_pkg']
[2.032s] Level 1:colcon.colcon_core.package_identification:_identify(data/images) by extension 'colcon_pkg'
[2.033s] Level 1:colcon.colcon_core.package_identification:_identify(data/images) by extensions ['colcon_meta']
[2.033s] Level 1:colcon.colcon_core.package_identification:_identify(data/images) by extension 'colcon_meta'
[2.034s] Level 1:colcon.colcon_core.package_identification:_identify(data/images) by extensions ['ros']
[2.034s] Level 1:colcon.colcon_core.package_identification:_identify(data/images) by extension 'ros'
[2.036s] Level 1:colcon.colcon_core.package_identification:_identify(data/images) by extensions ['cmake', 'python']
[2.036s] Level 1:colcon.colcon_core.package_identification:_identify(data/images) by extension 'cmake'
[2.037s] Level 1:colcon.colcon_core.package_identification:_identify(data/images) by extension 'python'
[2.037s] Level 1:colcon.colcon_core.package_identification:_identify(data/images) by extensions ['python_setup_py']
[2.038s] Level 1:colcon.colcon_core.package_identification:_identify(data/images) by extension 'python_setup_py'
[2.039s] Level 1:colcon.colcon_core.package_identification:_identify(data/scripts) by extensions ['ignore', 'ignore_ament_install']
[2.040s] Level 1:colcon.colcon_core.package_identification:_identify(data/scripts) by extension 'ignore'
[2.040s] Level 1:colcon.colcon_core.package_identification:_identify(data/scripts) by extension 'ignore_ament_install'
[2.041s] Level 1:colcon.colcon_core.package_identification:_identify(data/scripts) by extensions ['colcon_pkg']
[2.041s] Level 1:colcon.colcon_core.package_identification:_identify(data/scripts) by extension 'colcon_pkg'
[2.041s] Level 1:colcon.colcon_core.package_identification:_identify(data/scripts) by extensions ['colcon_meta']
[2.041s] Level 1:colcon.colcon_core.package_identification:_identify(data/scripts) by extension 'colcon_meta'
[2.042s] Level 1:colcon.colcon_core.package_identification:_identify(data/scripts) by extensions ['ros']
[2.042s] Level 1:colcon.colcon_core.package_identification:_identify(data/scripts) by extension 'ros'
[2.043s] Level 1:colcon.colcon_core.package_identification:_identify(data/scripts) by extensions ['cmake', 'python']
[2.043s] Level 1:colcon.colcon_core.package_identification:_identify(data/scripts) by extension 'cmake'
[2.044s] Level 1:colcon.colcon_core.package_identification:_identify(data/scripts) by extension 'python'
[2.044s] Level 1:colcon.colcon_core.package_identification:_identify(data/scripts) by extensions ['python_setup_py']
[2.044s] Level 1:colcon.colcon_core.package_identification:_identify(data/scripts) by extension 'python_setup_py'
[2.045s] Level 1:colcon.colcon_core.package_identification:_identify(detection) by extensions ['ignore', 'ignore_ament_install']
[2.046s] Level 1:colcon.colcon_core.package_identification:_identify(detection) by extension 'ignore'
[2.046s] Level 1:colcon.colcon_core.package_identification:_identify(detection) by extension 'ignore_ament_install'
[2.046s] Level 1:colcon.colcon_core.package_identification:_identify(detection) by extensions ['colcon_pkg']
[2.046s] Level 1:colcon.colcon_core.package_identification:_identify(detection) by extension 'colcon_pkg'
[2.047s] Level 1:colcon.colcon_core.package_identification:_identify(detection) by extensions ['colcon_meta']
[2.047s] Level 1:colcon.colcon_core.package_identification:_identify(detection) by extension 'colcon_meta'
[2.047s] Level 1:colcon.colcon_core.package_identification:_identify(detection) by extensions ['ros']
[2.047s] Level 1:colcon.colcon_core.package_identification:_identify(detection) by extension 'ros'
[2.048s] Level 1:colcon.colcon_core.package_identification:_identify(detection) by extensions ['cmake', 'python']
[2.048s] Level 1:colcon.colcon_core.package_identification:_identify(detection) by extension 'cmake'
[2.049s] Level 1:colcon.colcon_core.package_identification:_identify(detection) by extension 'python'
[2.049s] Level 1:colcon.colcon_core.package_identification:_identify(detection) by extensions ['python_setup_py']
[2.049s] Level 1:colcon.colcon_core.package_identification:_identify(detection) by extension 'python_setup_py'
[2.050s] Level 1:colcon.colcon_core.package_identification:_identify(detection/test) by extensions ['ignore', 'ignore_ament_install']
[2.050s] Level 1:colcon.colcon_core.package_identification:_identify(detection/test) by extension 'ignore'
[2.050s] Level 1:colcon.colcon_core.package_identification:_identify(detection/test) by extension 'ignore_ament_install'
[2.051s] Level 1:colcon.colcon_core.package_identification:_identify(detection/test) by extensions ['colcon_pkg']
[2.051s] Level 1:colcon.colcon_core.package_identification:_identify(detection/test) by extension 'colcon_pkg'
[2.051s] Level 1:colcon.colcon_core.package_identification:_identify(detection/test) by extensions ['colcon_meta']
[2.051s] Level 1:colcon.colcon_core.package_identification:_identify(detection/test) by extension 'colcon_meta'
[2.052s] Level 1:colcon.colcon_core.package_identification:_identify(detection/test) by extensions ['ros']
[2.052s] Level 1:colcon.colcon_core.package_identification:_identify(detection/test) by extension 'ros'
[2.053s] Level 1:colcon.colcon_core.package_identification:_identify(detection/test) by extensions ['cmake', 'python']
[2.053s] Level 1:colcon.colcon_core.package_identification:_identify(detection/test) by extension 'cmake'
[2.053s] Level 1:colcon.colcon_core.package_identification:_identify(detection/test) by extension 'python'
[2.053s] Level 1:colcon.colcon_core.package_identification:_identify(detection/test) by extensions ['python_setup_py']
[2.053s] Level 1:colcon.colcon_core.package_identification:_identify(detection/test) by extension 'python_setup_py'
[2.054s] Level 1:colcon.colcon_core.package_identification:_identify(detection/test/images) by extensions ['ignore', 'ignore_ament_install']
[2.055s] Level 1:colcon.colcon_core.package_identification:_identify(detection/test/images) by extension 'ignore'
[2.055s] Level 1:colcon.colcon_core.package_identification:_identify(detection/test/images) by extension 'ignore_ament_install'
[2.055s] Level 1:colcon.colcon_core.package_identification:_identify(detection/test/images) by extensions ['colcon_pkg']
[2.055s] Level 1:colcon.colcon_core.package_identification:_identify(detection/test/images) by extension 'colcon_pkg'
[2.056s] Level 1:colcon.colcon_core.package_identification:_identify(detection/test/images) by extensions ['colcon_meta']
[2.056s] Level 1:colcon.colcon_core.package_identification:_identify(detection/test/images) by extension 'colcon_meta'
[2.056s] Level 1:colcon.colcon_core.package_identification:_identify(detection/test/images) by extensions ['ros']
[2.056s] Level 1:colcon.colcon_core.package_identification:_identify(detection/test/images) by extension 'ros'
[2.057s] Level 1:colcon.colcon_core.package_identification:_identify(detection/test/images) by extensions ['cmake', 'python']
[2.057s] Level 1:colcon.colcon_core.package_identification:_identify(detection/test/images) by extension 'cmake'
[2.057s] Level 1:colcon.colcon_core.package_identification:_identify(detection/test/images) by extension 'python'
[2.058s] Level 1:colcon.colcon_core.package_identification:_identify(detection/test/images) by extensions ['python_setup_py']
[2.058s] Level 1:colcon.colcon_core.package_identification:_identify(detection/test/images) by extension 'python_setup_py'
[2.059s] Level 1:colcon.colcon_core.package_identification:_identify(detection/test/labels) by extensions ['ignore', 'ignore_ament_install']
[2.060s] Level 1:colcon.colcon_core.package_identification:_identify(detection/test/labels) by extension 'ignore'
[2.060s] Level 1:colcon.colcon_core.package_identification:_identify(detection/test/labels) by extension 'ignore_ament_install'
[2.061s] Level 1:colcon.colcon_core.package_identification:_identify(detection/test/labels) by extensions ['colcon_pkg']
[2.061s] Level 1:colcon.colcon_core.package_identification:_identify(detection/test/labels) by extension 'colcon_pkg'
[2.061s] Level 1:colcon.colcon_core.package_identification:_identify(detection/test/labels) by extensions ['colcon_meta']
[2.061s] Level 1:colcon.colcon_core.package_identification:_identify(detection/test/labels) by extension 'colcon_meta'
[2.062s] Level 1:colcon.colcon_core.package_identification:_identify(detection/test/labels) by extensions ['ros']
[2.062s] Level 1:colcon.colcon_core.package_identification:_identify(detection/test/labels) by extension 'ros'
[2.063s] Level 1:colcon.colcon_core.package_identification:_identify(detection/test/labels) by extensions ['cmake', 'python']
[2.063s] Level 1:colcon.colcon_core.package_identification:_identify(detection/test/labels) by extension 'cmake'
[2.063s] Level 1:colcon.colcon_core.package_identification:_identify(detection/test/labels) by extension 'python'
[2.064s] Level 1:colcon.colcon_core.package_identification:_identify(detection/test/labels) by extensions ['python_setup_py']
[2.064s] Level 1:colcon.colcon_core.package_identification:_identify(detection/test/labels) by extension 'python_setup_py'
[2.065s] Level 1:colcon.colcon_core.package_identification:_identify(detection/train) by extensions ['ignore', 'ignore_ament_install']
[2.065s] Level 1:colcon.colcon_core.package_identification:_identify(detection/train) by extension 'ignore'
[2.065s] Level 1:colcon.colcon_core.package_identification:_identify(detection/train) by extension 'ignore_ament_install'
[2.066s] Level 1:colcon.colcon_core.package_identification:_identify(detection/train) by extensions ['colcon_pkg']
[2.066s] Level 1:colcon.colcon_core.package_identification:_identify(detection/train) by extension 'colcon_pkg'
[2.067s] Level 1:colcon.colcon_core.package_identification:_identify(detection/train) by extensions ['colcon_meta']
[2.067s] Level 1:colcon.colcon_core.package_identification:_identify(detection/train) by extension 'colcon_meta'
[2.067s] Level 1:colcon.colcon_core.package_identification:_identify(detection/train) by extensions ['ros']
[2.068s] Level 1:colcon.colcon_core.package_identification:_identify(detection/train) by extension 'ros'
[2.068s] Level 1:colcon.colcon_core.package_identification:_identify(detection/train) by extensions ['cmake', 'python']
[2.069s] Level 1:colcon.colcon_core.package_identification:_identify(detection/train) by extension 'cmake'
[2.069s] Level 1:colcon.colcon_core.package_identification:_identify(detection/train) by extension 'python'
[2.069s] Level 1:colcon.colcon_core.package_identification:_identify(detection/train) by extensions ['python_setup_py']
[2.070s] Level 1:colcon.colcon_core.package_identification:_identify(detection/train) by extension 'python_setup_py'
[2.071s] Level 1:colcon.colcon_core.package_identification:_identify(detection/train/images) by extensions ['ignore', 'ignore_ament_install']
[2.072s] Level 1:colcon.colcon_core.package_identification:_identify(detection/train/images) by extension 'ignore'
[2.072s] Level 1:colcon.colcon_core.package_identification:_identify(detection/train/images) by extension 'ignore_ament_install'
[2.073s] Level 1:colcon.colcon_core.package_identification:_identify(detection/train/images) by extensions ['colcon_pkg']
[2.073s] Level 1:colcon.colcon_core.package_identification:_identify(detection/train/images) by extension 'colcon_pkg'
[2.074s] Level 1:colcon.colcon_core.package_identification:_identify(detection/train/images) by extensions ['colcon_meta']
[2.074s] Level 1:colcon.colcon_core.package_identification:_identify(detection/train/images) by extension 'colcon_meta'
[2.074s] Level 1:colcon.colcon_core.package_identification:_identify(detection/train/images) by extensions ['ros']
[2.075s] Level 1:colcon.colcon_core.package_identification:_identify(detection/train/images) by extension 'ros'
[2.075s] Level 1:colcon.colcon_core.package_identification:_identify(detection/train/images) by extensions ['cmake', 'python']
[2.076s] Level 1:colcon.colcon_core.package_identification:_identify(detection/train/images) by extension 'cmake'
[2.076s] Level 1:colcon.colcon_core.package_identification:_identify(detection/train/images) by extension 'python'
[2.076s] Level 1:colcon.colcon_core.package_identification:_identify(detection/train/images) by extensions ['python_setup_py']
[2.077s] Level 1:colcon.colcon_core.package_identification:_identify(detection/train/images) by extension 'python_setup_py'
[2.078s] Level 1:colcon.colcon_core.package_identification:_identify(detection/train/labels) by extensions ['ignore', 'ignore_ament_install']
[2.078s] Level 1:colcon.colcon_core.package_identification:_identify(detection/train/labels) by extension 'ignore'
[2.079s] Level 1:colcon.colcon_core.package_identification:_identify(detection/train/labels) by extension 'ignore_ament_install'
[2.079s] Level 1:colcon.colcon_core.package_identification:_identify(detection/train/labels) by extensions ['colcon_pkg']
[2.079s] Level 1:colcon.colcon_core.package_identification:_identify(detection/train/labels) by extension 'colcon_pkg'
[2.080s] Level 1:colcon.colcon_core.package_identification:_identify(detection/train/labels) by extensions ['colcon_meta']
[2.080s] Level 1:colcon.colcon_core.package_identification:_identify(detection/train/labels) by extension 'colcon_meta'
[2.080s] Level 1:colcon.colcon_core.package_identification:_identify(detection/train/labels) by extensions ['ros']
[2.080s] Level 1:colcon.colcon_core.package_identification:_identify(detection/train/labels) by extension 'ros'
[2.081s] Level 1:colcon.colcon_core.package_identification:_identify(detection/train/labels) by extensions ['cmake', 'python']
[2.081s] Level 1:colcon.colcon_core.package_identification:_identify(detection/train/labels) by extension 'cmake'
[2.081s] Level 1:colcon.colcon_core.package_identification:_identify(detection/train/labels) by extension 'python'
[2.082s] Level 1:colcon.colcon_core.package_identification:_identify(detection/train/labels) by extensions ['python_setup_py']
[2.082s] Level 1:colcon.colcon_core.package_identification:_identify(detection/train/labels) by extension 'python_setup_py'
[2.082s] Level 1:colcon.colcon_core.package_identification:_identify(detection/valid) by extensions ['ignore', 'ignore_ament_install']
[2.083s] Level 1:colcon.colcon_core.package_identification:_identify(detection/valid) by extension 'ignore'
[2.084s] Level 1:colcon.colcon_core.package_identification:_identify(detection/valid) by extension 'ignore_ament_install'
[2.084s] Level 1:colcon.colcon_core.package_identification:_identify(detection/valid) by extensions ['colcon_pkg']
[2.084s] Level 1:colcon.colcon_core.package_identification:_identify(detection/valid) by extension 'colcon_pkg'
[2.085s] Level 1:colcon.colcon_core.package_identification:_identify(detection/valid) by extensions ['colcon_meta']
[2.085s] Level 1:colcon.colcon_core.package_identification:_identify(detection/valid) by extension 'colcon_meta'
[2.086s] Level 1:colcon.colcon_core.package_identification:_identify(detection/valid) by extensions ['ros']
[2.086s] Level 1:colcon.colcon_core.package_identification:_identify(detection/valid) by extension 'ros'
[2.087s] Level 1:colcon.colcon_core.package_identification:_identify(detection/valid) by extensions ['cmake', 'python']
[2.088s] Level 1:colcon.colcon_core.package_identification:_identify(detection/valid) by extension 'cmake'
[2.088s] Level 1:colcon.colcon_core.package_identification:_identify(detection/valid) by extension 'python'
[2.089s] Level 1:colcon.colcon_core.package_identification:_identify(detection/valid) by extensions ['python_setup_py']
[2.089s] Level 1:colcon.colcon_core.package_identification:_identify(detection/valid) by extension 'python_setup_py'
[2.090s] Level 1:colcon.colcon_core.package_identification:_identify(detection/valid/images) by extensions ['ignore', 'ignore_ament_install']
[2.090s] Level 1:colcon.colcon_core.package_identification:_identify(detection/valid/images) by extension 'ignore'
[2.091s] Level 1:colcon.colcon_core.package_identification:_identify(detection/valid/images) by extension 'ignore_ament_install'
[2.091s] Level 1:colcon.colcon_core.package_identification:_identify(detection/valid/images) by extensions ['colcon_pkg']
[2.091s] Level 1:colcon.colcon_core.package_identification:_identify(detection/valid/images) by extension 'colcon_pkg'
[2.092s] Level 1:colcon.colcon_core.package_identification:_identify(detection/valid/images) by extensions ['colcon_meta']
[2.092s] Level 1:colcon.colcon_core.package_identification:_identify(detection/valid/images) by extension 'colcon_meta'
[2.092s] Level 1:colcon.colcon_core.package_identification:_identify(detection/valid/images) by extensions ['ros']
[2.093s] Level 1:colcon.colcon_core.package_identification:_identify(detection/valid/images) by extension 'ros'
[2.093s] Level 1:colcon.colcon_core.package_identification:_identify(detection/valid/images) by extensions ['cmake', 'python']
[2.094s] Level 1:colcon.colcon_core.package_identification:_identify(detection/valid/images) by extension 'cmake'
[2.094s] Level 1:colcon.colcon_core.package_identification:_identify(detection/valid/images) by extension 'python'
[2.094s] Level 1:colcon.colcon_core.package_identification:_identify(detection/valid/images) by extensions ['python_setup_py']
[2.095s] Level 1:colcon.colcon_core.package_identification:_identify(detection/valid/images) by extension 'python_setup_py'
[2.095s] Level 1:colcon.colcon_core.package_identification:_identify(detection/valid/labels) by extensions ['ignore', 'ignore_ament_install']
[2.096s] Level 1:colcon.colcon_core.package_identification:_identify(detection/valid/labels) by extension 'ignore'
[2.097s] Level 1:colcon.colcon_core.package_identification:_identify(detection/valid/labels) by extension 'ignore_ament_install'
[2.097s] Level 1:colcon.colcon_core.package_identification:_identify(detection/valid/labels) by extensions ['colcon_pkg']
[2.097s] Level 1:colcon.colcon_core.package_identification:_identify(detection/valid/labels) by extension 'colcon_pkg'
[2.098s] Level 1:colcon.colcon_core.package_identification:_identify(detection/valid/labels) by extensions ['colcon_meta']
[2.098s] Level 1:colcon.colcon_core.package_identification:_identify(detection/valid/labels) by extension 'colcon_meta'
[2.098s] Level 1:colcon.colcon_core.package_identification:_identify(detection/valid/labels) by extensions ['ros']
[2.099s] Level 1:colcon.colcon_core.package_identification:_identify(detection/valid/labels) by extension 'ros'
[2.099s] Level 1:colcon.colcon_core.package_identification:_identify(detection/valid/labels) by extensions ['cmake', 'python']
[2.100s] Level 1:colcon.colcon_core.package_identification:_identify(detection/valid/labels) by extension 'cmake'
[2.100s] Level 1:colcon.colcon_core.package_identification:_identify(detection/valid/labels) by extension 'python'
[2.101s] Level 1:colcon.colcon_core.package_identification:_identify(detection/valid/labels) by extensions ['python_setup_py']
[2.101s] Level 1:colcon.colcon_core.package_identification:_identify(detection/valid/labels) by extension 'python_setup_py'
[2.102s] Level 1:colcon.colcon_core.package_identification:_identify(install) by extensions ['ignore', 'ignore_ament_install']
[2.102s] Level 1:colcon.colcon_core.package_identification:_identify(install) by extension 'ignore'
[2.103s] Level 1:colcon.colcon_core.package_identification:_identify(install) ignored
[2.104s] Level 1:colcon.colcon_core.package_identification:_identify(log) by extensions ['ignore', 'ignore_ament_install']
[2.104s] Level 1:colcon.colcon_core.package_identification:_identify(log) by extension 'ignore'
[2.105s] Level 1:colcon.colcon_core.package_identification:_identify(log) ignored
[2.105s] Level 1:colcon.colcon_core.package_identification:_identify(models) by extensions ['ignore', 'ignore_ament_install']
[2.106s] Level 1:colcon.colcon_core.package_identification:_identify(models) by extension 'ignore'
[2.106s] Level 1:colcon.colcon_core.package_identification:_identify(models) by extension 'ignore_ament_install'
[2.107s] Level 1:colcon.colcon_core.package_identification:_identify(models) by extensions ['colcon_pkg']
[2.107s] Level 1:colcon.colcon_core.package_identification:_identify(models) by extension 'colcon_pkg'
[2.108s] Level 1:colcon.colcon_core.package_identification:_identify(models) by extensions ['colcon_meta']
[2.108s] Level 1:colcon.colcon_core.package_identification:_identify(models) by extension 'colcon_meta'
[2.108s] Level 1:colcon.colcon_core.package_identification:_identify(models) by extensions ['ros']
[2.109s] Level 1:colcon.colcon_core.package_identification:_identify(models) by extension 'ros'
[2.109s] Level 1:colcon.colcon_core.package_identification:_identify(models) by extensions ['cmake', 'python']
[2.109s] Level 1:colcon.colcon_core.package_identification:_identify(models) by extension 'cmake'
[2.110s] Level 1:colcon.colcon_core.package_identification:_identify(models) by extension 'python'
[2.110s] Level 1:colcon.colcon_core.package_identification:_identify(models) by extensions ['python_setup_py']
[2.111s] Level 1:colcon.colcon_core.package_identification:_identify(models) by extension 'python_setup_py'
[2.111s] Level 1:colcon.colcon_core.package_identification:_identify(models/hub) by extensions ['ignore', 'ignore_ament_install']
[2.112s] Level 1:colcon.colcon_core.package_identification:_identify(models/hub) by extension 'ignore'
[2.112s] Level 1:colcon.colcon_core.package_identification:_identify(models/hub) by extension 'ignore_ament_install'
[2.113s] Level 1:colcon.colcon_core.package_identification:_identify(models/hub) by extensions ['colcon_pkg']
[2.113s] Level 1:colcon.colcon_core.package_identification:_identify(models/hub) by extension 'colcon_pkg'
[2.113s] Level 1:colcon.colcon_core.package_identification:_identify(models/hub) by extensions ['colcon_meta']
[2.114s] Level 1:colcon.colcon_core.package_identification:_identify(models/hub) by extension 'colcon_meta'
[2.114s] Level 1:colcon.colcon_core.package_identification:_identify(models/hub) by extensions ['ros']
[2.114s] Level 1:colcon.colcon_core.package_identification:_identify(models/hub) by extension 'ros'
[2.115s] Level 1:colcon.colcon_core.package_identification:_identify(models/hub) by extensions ['cmake', 'python']
[2.115s] Level 1:colcon.colcon_core.package_identification:_identify(models/hub) by extension 'cmake'
[2.115s] Level 1:colcon.colcon_core.package_identification:_identify(models/hub) by extension 'python'
[2.116s] Level 1:colcon.colcon_core.package_identification:_identify(models/hub) by extensions ['python_setup_py']
[2.116s] Level 1:colcon.colcon_core.package_identification:_identify(models/hub) by extension 'python_setup_py'
[2.117s] Level 1:colcon.colcon_core.package_identification:_identify(utils) by extensions ['ignore', 'ignore_ament_install']
[2.118s] Level 1:colcon.colcon_core.package_identification:_identify(utils) by extension 'ignore'
[2.118s] Level 1:colcon.colcon_core.package_identification:_identify(utils) by extension 'ignore_ament_install'
[2.119s] Level 1:colcon.colcon_core.package_identification:_identify(utils) by extensions ['colcon_pkg']
[2.120s] Level 1:colcon.colcon_core.package_identification:_identify(utils) by extension 'colcon_pkg'
[2.120s] Level 1:colcon.colcon_core.package_identification:_identify(utils) by extensions ['colcon_meta']
[2.121s] Level 1:colcon.colcon_core.package_identification:_identify(utils) by extension 'colcon_meta'
[2.121s] Level 1:colcon.colcon_core.package_identification:_identify(utils) by extensions ['ros']
[2.122s] Level 1:colcon.colcon_core.package_identification:_identify(utils) by extension 'ros'
[2.122s] Level 1:colcon.colcon_core.package_identification:_identify(utils) by extensions ['cmake', 'python']
[2.123s] Level 1:colcon.colcon_core.package_identification:_identify(utils) by extension 'cmake'
[2.123s] Level 1:colcon.colcon_core.package_identification:_identify(utils) by extension 'python'
[2.123s] Level 1:colcon.colcon_core.package_identification:_identify(utils) by extensions ['python_setup_py']
[2.124s] Level 1:colcon.colcon_core.package_identification:_identify(utils) by extension 'python_setup_py'
[2.124s] Level 1:colcon.colcon_core.package_identification:_identify(utils/aws) by extensions ['ignore', 'ignore_ament_install']
[2.125s] Level 1:colcon.colcon_core.package_identification:_identify(utils/aws) by extension 'ignore'
[2.125s] Level 1:colcon.colcon_core.package_identification:_identify(utils/aws) by extension 'ignore_ament_install'
[2.126s] Level 1:colcon.colcon_core.package_identification:_identify(utils/aws) by extensions ['colcon_pkg']
[2.126s] Level 1:colcon.colcon_core.package_identification:_identify(utils/aws) by extension 'colcon_pkg'
[2.126s] Level 1:colcon.colcon_core.package_identification:_identify(utils/aws) by extensions ['colcon_meta']
[2.126s] Level 1:colcon.colcon_core.package_identification:_identify(utils/aws) by extension 'colcon_meta'
[2.127s] Level 1:colcon.colcon_core.package_identification:_identify(utils/aws) by extensions ['ros']
[2.127s] Level 1:colcon.colcon_core.package_identification:_identify(utils/aws) by extension 'ros'
[2.128s] Level 1:colcon.colcon_core.package_identification:_identify(utils/aws) by extensions ['cmake', 'python']
[2.128s] Level 1:colcon.colcon_core.package_identification:_identify(utils/aws) by extension 'cmake'
[2.128s] Level 1:colcon.colcon_core.package_identification:_identify(utils/aws) by extension 'python'
[2.129s] Level 1:colcon.colcon_core.package_identification:_identify(utils/aws) by extensions ['python_setup_py']
[2.129s] Level 1:colcon.colcon_core.package_identification:_identify(utils/aws) by extension 'python_setup_py'
[2.129s] Level 1:colcon.colcon_core.package_identification:_identify(utils/flask_rest_api) by extensions ['ignore', 'ignore_ament_install']
[2.130s] Level 1:colcon.colcon_core.package_identification:_identify(utils/flask_rest_api) by extension 'ignore'
[2.130s] Level 1:colcon.colcon_core.package_identification:_identify(utils/flask_rest_api) by extension 'ignore_ament_install'
[2.131s] Level 1:colcon.colcon_core.package_identification:_identify(utils/flask_rest_api) by extensions ['colcon_pkg']
[2.131s] Level 1:colcon.colcon_core.package_identification:_identify(utils/flask_rest_api) by extension 'colcon_pkg'
[2.132s] Level 1:colcon.colcon_core.package_identification:_identify(utils/flask_rest_api) by extensions ['colcon_meta']
[2.132s] Level 1:colcon.colcon_core.package_identification:_identify(utils/flask_rest_api) by extension 'colcon_meta'
[2.132s] Level 1:colcon.colcon_core.package_identification:_identify(utils/flask_rest_api) by extensions ['ros']
[2.133s] Level 1:colcon.colcon_core.package_identification:_identify(utils/flask_rest_api) by extension 'ros'
[2.133s] Level 1:colcon.colcon_core.package_identification:_identify(utils/flask_rest_api) by extensions ['cmake', 'python']
[2.134s] Level 1:colcon.colcon_core.package_identification:_identify(utils/flask_rest_api) by extension 'cmake'
[2.134s] Level 1:colcon.colcon_core.package_identification:_identify(utils/flask_rest_api) by extension 'python'
[2.134s] Level 1:colcon.colcon_core.package_identification:_identify(utils/flask_rest_api) by extensions ['python_setup_py']
[2.135s] Level 1:colcon.colcon_core.package_identification:_identify(utils/flask_rest_api) by extension 'python_setup_py'
[2.135s] Level 1:colcon.colcon_core.package_identification:_identify(utils/google_app_engine) by extensions ['ignore', 'ignore_ament_install']
[2.136s] Level 1:colcon.colcon_core.package_identification:_identify(utils/google_app_engine) by extension 'ignore'
[2.136s] Level 1:colcon.colcon_core.package_identification:_identify(utils/google_app_engine) by extension 'ignore_ament_install'
[2.137s] Level 1:colcon.colcon_core.package_identification:_identify(utils/google_app_engine) by extensions ['colcon_pkg']
[2.137s] Level 1:colcon.colcon_core.package_identification:_identify(utils/google_app_engine) by extension 'colcon_pkg'
[2.138s] Level 1:colcon.colcon_core.package_identification:_identify(utils/google_app_engine) by extensions ['colcon_meta']
[2.138s] Level 1:colcon.colcon_core.package_identification:_identify(utils/google_app_engine) by extension 'colcon_meta'
[2.138s] Level 1:colcon.colcon_core.package_identification:_identify(utils/google_app_engine) by extensions ['ros']
[2.139s] Level 1:colcon.colcon_core.package_identification:_identify(utils/google_app_engine) by extension 'ros'
[2.139s] Level 1:colcon.colcon_core.package_identification:_identify(utils/google_app_engine) by extensions ['cmake', 'python']
[2.140s] Level 1:colcon.colcon_core.package_identification:_identify(utils/google_app_engine) by extension 'cmake'
[2.140s] Level 1:colcon.colcon_core.package_identification:_identify(utils/google_app_engine) by extension 'python'
[2.141s] Level 1:colcon.colcon_core.package_identification:_identify(utils/google_app_engine) by extensions ['python_setup_py']
[2.141s] Level 1:colcon.colcon_core.package_identification:_identify(utils/google_app_engine) by extension 'python_setup_py'
[2.142s] Level 1:colcon.colcon_core.package_identification:_identify(utils/loggers) by extensions ['ignore', 'ignore_ament_install']
[2.142s] Level 1:colcon.colcon_core.package_identification:_identify(utils/loggers) by extension 'ignore'
[2.143s] Level 1:colcon.colcon_core.package_identification:_identify(utils/loggers) by extension 'ignore_ament_install'
[2.143s] Level 1:colcon.colcon_core.package_identification:_identify(utils/loggers) by extensions ['colcon_pkg']
[2.144s] Level 1:colcon.colcon_core.package_identification:_identify(utils/loggers) by extension 'colcon_pkg'
[2.144s] Level 1:colcon.colcon_core.package_identification:_identify(utils/loggers) by extensions ['colcon_meta']
[2.144s] Level 1:colcon.colcon_core.package_identification:_identify(utils/loggers) by extension 'colcon_meta'
[2.145s] Level 1:colcon.colcon_core.package_identification:_identify(utils/loggers) by extensions ['ros']
[2.145s] Level 1:colcon.colcon_core.package_identification:_identify(utils/loggers) by extension 'ros'
[2.146s] Level 1:colcon.colcon_core.package_identification:_identify(utils/loggers) by extensions ['cmake', 'python']
[2.146s] Level 1:colcon.colcon_core.package_identification:_identify(utils/loggers) by extension 'cmake'
[2.146s] Level 1:colcon.colcon_core.package_identification:_identify(utils/loggers) by extension 'python'
[2.147s] Level 1:colcon.colcon_core.package_identification:_identify(utils/loggers) by extensions ['python_setup_py']
[2.147s] Level 1:colcon.colcon_core.package_identification:_identify(utils/loggers) by extension 'python_setup_py'
[2.148s] Level 1:colcon.colcon_core.package_identification:_identify(utils/loggers/wandb) by extensions ['ignore', 'ignore_ament_install']
[2.149s] Level 1:colcon.colcon_core.package_identification:_identify(utils/loggers/wandb) by extension 'ignore'
[2.149s] Level 1:colcon.colcon_core.package_identification:_identify(utils/loggers/wandb) by extension 'ignore_ament_install'
[2.149s] Level 1:colcon.colcon_core.package_identification:_identify(utils/loggers/wandb) by extensions ['colcon_pkg']
[2.150s] Level 1:colcon.colcon_core.package_identification:_identify(utils/loggers/wandb) by extension 'colcon_pkg'
[2.150s] Level 1:colcon.colcon_core.package_identification:_identify(utils/loggers/wandb) by extensions ['colcon_meta']
[2.150s] Level 1:colcon.colcon_core.package_identification:_identify(utils/loggers/wandb) by extension 'colcon_meta'
[2.150s] Level 1:colcon.colcon_core.package_identification:_identify(utils/loggers/wandb) by extensions ['ros']
[2.151s] Level 1:colcon.colcon_core.package_identification:_identify(utils/loggers/wandb) by extension 'ros'
[2.151s] Level 1:colcon.colcon_core.package_identification:_identify(utils/loggers/wandb) by extensions ['cmake', 'python']
[2.151s] Level 1:colcon.colcon_core.package_identification:_identify(utils/loggers/wandb) by extension 'cmake'
[2.152s] Level 1:colcon.colcon_core.package_identification:_identify(utils/loggers/wandb) by extension 'python'
[2.152s] Level 1:colcon.colcon_core.package_identification:_identify(utils/loggers/wandb) by extensions ['python_setup_py']
[2.152s] Level 1:colcon.colcon_core.package_identification:_identify(utils/loggers/wandb) by extension 'python_setup_py'
[2.153s] Level 1:colcon.colcon_core.package_discovery:discover_packages(recursive) using defaults
[2.154s] Level 1:colcon.colcon_core.package_discovery:discover_packages(ignore) discover
[2.154s] Level 1:colcon.colcon_core.package_discovery:discover_packages(ignore) using defaults
[2.154s] Level 1:colcon.colcon_core.package_discovery:discover_packages(path) discover
[2.154s] Level 1:colcon.colcon_core.package_discovery:discover_packages(path) using defaults
[2.163s] WARNING:colcon.colcon_core.package_selection:ignoring unknown package 'yolov5_roscd' in --packages-select
[2.270s] Level 1:colcon.colcon_core.package_discovery:discover_packages(prefix_path) check parameters
[2.270s] Level 1:colcon.colcon_core.package_discovery:discover_packages(prefix_path) discover
